悬疑惊悚小说《午夜电梯》已完成全部10章的创作！

## 完成报告

### 总字数
约 **39,463 字**（中文字符）

### 章节概要

| 章节 | 标题 | 主要内容 |
|------|------|----------|
| 第1章 | 同事 | 老同事讲述电梯传说，主角不以为然 |
| 第2章 | 尝试 | 主角出于好奇试乘，电梯异常上升至21层 |
| 第3章 | 数字 | 开始看到诡异倒计时，收到神秘纸条"还有六天" |
| 第4章 | 邻居 | 走访邻居老太太，得知失踪案和破解方法 |
| 第5章 | 记录 | 找到失踪者日记，发现40年前工地坍塌20人失踪 |
| 第6章 | 再访 | 调查对面楼窗户的神秘人，得知1303房间是陷阱 |
| 第7章 | 它 | 在镜子里见到"她"，揭示被困的幽灵们 |
| 第8章 | 崩溃 | 现实与幻觉混淆，准备最终选择 |
| 第9章 | 选择 | 进入电梯面对"她"，选择牺牲自己换取他人自由 |
| 第10章 | ？？？ | 开放式结局——时间循环暗示，一切重新开始 |

### 开放式结局解读
- 主角"回来"了，但世界似乎已经改变
- 看到另一个"自己"走进电梯
- 时间线回溯到第一天
- 主角最终再次走进电梯——走向未知

### GitHub仓库
**https://github.com/EraGuider/urban-horror-1772081260**

所有章节已提交并推送到远程仓库。
